<?xml version="1.0" encoding="UTF-8"?>
<!-- Generated by org.testng.reporters.JUnitXMLReporter -->
<testsuite ignored="14" hostname="MacBook-Pro.local" failures="0" tests="6" name="Command line test" time="18.226" errors="0" timestamp="2023-10-23T11:02:09 EEST">
  <testcase classname="suites.Suite1Test" name="suite1Test" time="3.014"/>
  <testcase classname="suites.Suite1Test" name="suite2Test" time="3.006"/>
  <testcase classname="suites.Suite1Test" name="suite3Test" time="3.004"/>
  <testcase classname="suites.Suite2Test" name="suite1Test" time="3.005"/>
  <testcase classname="suites.Suite2Test" name="suite2Test" time="3.006"/>
  <testcase classname="suites.Suite2Test" name="suite3Test" time="3.006"/>
  <testcase classname="annotations.AnnotationsTest" name="annotation2Test" time="0.0">
    <ignored/>
  </testcase> <!-- annotation2Test -->
  <testcase classname="parametrizedTests.MyParamTest" name="testDataProvider" time="0.0">
    <ignored/>
  </testcase> <!-- testDataProvider -->
  <testcase classname="annotations.AnnotationsTest" name="annotation1Test" time="0.0">
    <ignored/>
  </testcase> <!-- annotation1Test -->
  <testcase classname="exceptionHandle.ExceptionTest" name="some1Test" time="0.0">
    <ignored/>
  </testcase> <!-- some1Test -->
  <testcase classname="instance.TestNGTestInstance" name="testTwo" time="0.0">
    <ignored/>
  </testcase> <!-- testTwo -->
  <testcase classname="parallel.CheckParallelTest" name="parallel2Test" time="0.0">
    <ignored/>
  </testcase> <!-- parallel2Test -->
  <testcase classname="orderTests.DisplayNameOrderTest" name="firstTest" time="0.0">
    <ignored/>
  </testcase> <!-- firstTest -->
  <testcase classname="instance.TestNGTestInstance" name="testOne" time="0.0">
    <ignored/>
  </testcase> <!-- testOne -->
  <testcase classname="retry.HowToRetryTest" name="retryingTest" time="0.0">
    <ignored/>
  </testcase> <!-- retryingTest -->
  <testcase classname="orderTests.DisplayNameOrderTest" name="thirdTest" time="0.0">
    <ignored/>
  </testcase> <!-- thirdTest -->
  <testcase classname="listeners.CheckListenerTest" name="listenerTest" time="0.0">
    <ignored/>
  </testcase> <!-- listenerTest -->
  <testcase classname="instance.TestNGTestInstance" name="testThree" time="0.0">
    <ignored/>
  </testcase> <!-- testThree -->
  <testcase classname="parallel.CheckParallelTest" name="parallel1Test" time="0.0">
    <ignored/>
  </testcase> <!-- parallel1Test -->
  <testcase classname="orderTests.DisplayNameOrderTest" name="secondTest" time="0.0">
    <ignored/>
  </testcase> <!-- secondTest -->
</testsuite> <!-- Command line test -->
